<?xml version="1.0" encoding="UTF-8"?>
<robot generator="Robot 6.1 (Python 3.11.4 on win32)" generated="20231019 19:26:46.113" rpa="false" schemaversion="4">
<suite id="s1" name="RFCoinswitchPOM" source="D:\Py\RFCoinswitchPOM">
<suite id="s1-s1" name="Testcases" source="D:\Py\RFCoinswitchPOM\Testcases">
<suite id="s1-s1-s1" name="Testcases" source="D:\Py\RFCoinswitchPOM\Testcases\Testcases.robot">
<kw name="Open browser and navigate to Coinswitch URL" library="Keywords" type="SETUP">
<kw name="Open Browser" library="SeleniumLibrary">
<arg>${URL}</arg>
<arg>${WebDriver}</arg>
<doc>Opens a new browser instance to the optional ``url``.</doc>
<msg timestamp="20231019 19:26:46.542" level="INFO">Opening browser 'chrome' to base url 'https://coinswitch.co/pro/'.</msg>
<status status="PASS" starttime="20231019 19:26:46.542" endtime="20231019 19:26:50.502"/>
</kw>
<kw name="Maximize Browser Window" library="SeleniumLibrary">
<doc>Maximizes current browser window.</doc>
<status status="PASS" starttime="20231019 19:26:50.502" endtime="20231019 19:26:50.635"/>
</kw>
<kw name="Log To Console" library="BuiltIn">
<arg>Coinswitch homepage is displayed</arg>
<doc>Logs the given message to the console.</doc>
<status status="PASS" starttime="20231019 19:26:50.635" endtime="20231019 19:26:50.635"/>
</kw>
<status status="PASS" starttime="20231019 19:26:46.542" endtime="20231019 19:26:50.635"/>
</kw>
<test id="s1-s1-s1-t1" name="TC_1: Verify the &quot;Buy Bitcoin&quot; option in the home page" line="12">
<kw name="Given &quot;Buy Bitcoin&quot; The User is on the homepage" library="Keywords">
<kw name="Get Title" library="SeleniumLibrary">
<var>${Homepage}</var>
<doc>Returns the title of the current page.</doc>
<msg timestamp="20231019 19:26:50.670" level="INFO">${Homepage} = Secure and Efficient Crypto Trading: Buy and Sell Crypto on Multiple Exchanges</msg>
<status status="PASS" starttime="20231019 19:26:50.663" endtime="20231019 19:26:50.670"/>
</kw>
<kw name="Log To Console" library="BuiltIn">
<arg>${Homepage}</arg>
<doc>Logs the given message to the console.</doc>
<status status="PASS" starttime="20231019 19:26:50.670" endtime="20231019 19:26:50.670"/>
</kw>
<status status="PASS" starttime="20231019 19:26:50.653" endtime="20231019 19:26:50.670"/>
</kw>
<kw name="When The User clicks on the &quot;Buy Bitcoin&quot; option" library="Keywords">
<kw name="Click Element" library="SeleniumLibrary">
<arg>${BuyBitcoin}</arg>
<doc>Click the element identified by ``locator``.</doc>
<msg timestamp="20231019 19:26:50.699" level="INFO">Clicking element 'xpath = (//*[@class='group-h tw-flex tw-w-full tw-justify-end tw-gap-4 tw-text-lg tw-text-white']/li/span/a)[1]'.</msg>
<status status="PASS" starttime="20231019 19:26:50.698" endtime="20231019 19:26:50.858"/>
</kw>
<kw name="Sleep" library="BuiltIn">
<arg>3s</arg>
<doc>Pauses the test executed for the given time.</doc>
<msg timestamp="20231019 19:26:53.862" level="INFO">Slept 3 seconds</msg>
<status status="PASS" starttime="20231019 19:26:50.859" endtime="20231019 19:26:53.863"/>
</kw>
<status status="PASS" starttime="20231019 19:26:50.687" endtime="20231019 19:26:53.863"/>
</kw>
<kw name="Then The User should be redirected to the Buy Bitcoin page" library="Keywords">
<kw name="Get Title" library="SeleniumLibrary">
<var>${BitcoinTitle}</var>
<doc>Returns the title of the current page.</doc>
<msg timestamp="20231019 19:26:55.456" level="INFO">${BitcoinTitle} = BTC to INR | Buy BTC in India at best price at | CoinSwitch</msg>
<status status="PASS" starttime="20231019 19:26:53.898" endtime="20231019 19:26:55.456"/>
</kw>
<kw name="Log To Console" library="BuiltIn">
<arg>${BitcoinTitle}</arg>
<doc>Logs the given message to the console.</doc>
<status status="PASS" starttime="20231019 19:26:55.456" endtime="20231019 19:26:55.456"/>
</kw>
<status status="PASS" starttime="20231019 19:26:53.880" endtime="20231019 19:26:55.456"/>
</kw>
<status status="PASS" starttime="20231019 19:26:50.635" endtime="20231019 19:26:55.468"/>
</test>
<test id="s1-s1-s1-t2" name="TC_2: Verify the &quot;Buy Ethereum&quot; option in the home page" line="18">
<kw name="Given &quot;Buy Ethereum&quot; The User is on the homepage" library="Keywords">
<kw name="Go To" library="SeleniumLibrary">
<arg>${URL}</arg>
<doc>Navigates the current browser window to the provided ``url``.</doc>
<msg timestamp="20231019 19:26:55.488" level="INFO">Opening url 'https://coinswitch.co/pro/'</msg>
<status status="PASS" starttime="20231019 19:26:55.487" endtime="20231019 19:26:57.733"/>
</kw>
<status status="PASS" starttime="20231019 19:26:55.473" endtime="20231019 19:26:57.733"/>
</kw>
<kw name="When The User clicks on the &quot;Buy Ethereum&quot; option" library="Keywords">
<kw name="Click Element" library="SeleniumLibrary">
<arg>${BuyEthereum}</arg>
<doc>Click the element identified by ``locator``.</doc>
<msg timestamp="20231019 19:26:57.767" level="INFO">Clicking element 'xpath = (//*[@class='group-h tw-flex tw-w-full tw-justify-end tw-gap-4 tw-text-lg tw-text-white']/li/span/a)[2]'.</msg>
<status status="PASS" starttime="20231019 19:26:57.767" endtime="20231019 19:26:57.933"/>
</kw>
<kw name="Sleep" library="BuiltIn">
<arg>3s</arg>
<doc>Pauses the test executed for the given time.</doc>
<msg timestamp="20231019 19:27:00.951" level="INFO">Slept 3 seconds</msg>
<status status="PASS" starttime="20231019 19:26:57.933" endtime="20231019 19:27:00.951"/>
</kw>
<status status="PASS" starttime="20231019 19:26:57.750" endtime="20231019 19:27:00.951"/>
</kw>
<kw name="Then The User should be redirected to the Buy Ethereum page" library="Keywords">
<kw name="Get Title" library="SeleniumLibrary">
<var>${EthereumTitle}</var>
<doc>Returns the title of the current page.</doc>
<msg timestamp="20231019 19:27:03.502" level="INFO">${EthereumTitle} = ETH to INR | Buy ETH in India at best price at ₹1,34,970 | CoinSwitch</msg>
<status status="PASS" starttime="20231019 19:27:00.973" endtime="20231019 19:27:03.503"/>
</kw>
<kw name="Log To Console" library="BuiltIn">
<arg>${EthereumTitle}</arg>
<doc>Logs the given message to the console.</doc>
<status status="PASS" starttime="20231019 19:27:03.504" endtime="20231019 19:27:03.536"/>
</kw>
<status status="PASS" starttime="20231019 19:27:00.956" endtime="20231019 19:27:03.537"/>
</kw>
<status status="PASS" starttime="20231019 19:26:55.471" endtime="20231019 19:27:03.557"/>
</test>
<test id="s1-s1-s1-t3" name="TC_3: Verify the &quot;Buy Tether&quot; option in the home page" line="23">
<kw name="Given &quot;Buy Tether&quot; The User is on the homepage" library="Keywords">
<kw name="Go To" library="SeleniumLibrary">
<arg>${URL}</arg>
<doc>Navigates the current browser window to the provided ``url``.</doc>
<msg timestamp="20231019 19:27:03.703" level="INFO">Opening url 'https://coinswitch.co/pro/'</msg>
<status status="PASS" starttime="20231019 19:27:03.697" endtime="20231019 19:27:05.915"/>
</kw>
<status status="PASS" starttime="20231019 19:27:03.671" endtime="20231019 19:27:05.915"/>
</kw>
<kw name="When The User clicks on the &quot;Buy Tether&quot; option" library="Keywords">
<kw name="Click Element" library="SeleniumLibrary">
<arg>${BuyTether}</arg>
<doc>Click the element identified by ``locator``.</doc>
<msg timestamp="20231019 19:27:05.950" level="INFO">Clicking element 'xpath = (//*[@class='group-h tw-flex tw-w-full tw-justify-end tw-gap-4 tw-text-lg tw-text-white']/li/span/a)[3]'.</msg>
<status status="PASS" starttime="20231019 19:27:05.950" endtime="20231019 19:27:06.172"/>
</kw>
<kw name="Sleep" library="BuiltIn">
<arg>3s</arg>
<doc>Pauses the test executed for the given time.</doc>
<msg timestamp="20231019 19:27:09.173" level="INFO">Slept 3 seconds</msg>
<status status="PASS" starttime="20231019 19:27:06.172" endtime="20231019 19:27:09.178"/>
</kw>
<status status="PASS" starttime="20231019 19:27:05.933" endtime="20231019 19:27:09.185"/>
</kw>
<kw name="Then The User should be redirected to the Buy Tether page" library="Keywords">
<kw name="Get Title" library="SeleniumLibrary">
<var>${TetherTitle}</var>
<doc>Returns the title of the current page.</doc>
<msg timestamp="20231019 19:27:10.752" level="INFO">${TetherTitle} = USDT to INR | Buy USDT in India at best price at | CoinSwitch</msg>
<status status="PASS" starttime="20231019 19:27:09.312" endtime="20231019 19:27:10.752"/>
</kw>
<kw name="Log To Console" library="BuiltIn">
<arg>${TetherTitle}</arg>
<doc>Logs the given message to the console.</doc>
<status status="PASS" starttime="20231019 19:27:10.752" endtime="20231019 19:27:10.768"/>
</kw>
<status status="PASS" starttime="20231019 19:27:09.217" endtime="20231019 19:27:10.768"/>
</kw>
<status status="PASS" starttime="20231019 19:27:03.660" endtime="20231019 19:27:10.783"/>
</test>
<test id="s1-s1-s1-t4" name="TC_4: Verify the &quot;Crypto Rupee Index&quot; option of the &quot;Products&quot; dropdown in the home page" line="29">
<kw name="Given &quot;Crypto Rupee Index&quot; The User is on the homepage" library="Keywords">
<kw name="Go To" library="SeleniumLibrary">
<arg>${URL}</arg>
<doc>Navigates the current browser window to the provided ``url``.</doc>
<msg timestamp="20231019 19:27:10.835" level="INFO">Opening url 'https://coinswitch.co/pro/'</msg>
<status status="PASS" starttime="20231019 19:27:10.835" endtime="20231019 19:27:13.084"/>
</kw>
<status status="PASS" starttime="20231019 19:27:10.802" endtime="20231019 19:27:13.084"/>
</kw>
<kw name="When The User user mouse over the &quot;Products&quot; dropdown" library="Keywords">
<kw name="Mouse Over" library="SeleniumLibrary">
<arg>${Products}</arg>
<doc>Simulates hovering the mouse over the element ``locator``.</doc>
<msg timestamp="20231019 19:27:13.119" level="INFO">Simulating Mouse Over on element 'xpath = (//*[@class='tw-text-gray-200 group-hover:tw-text-gold'])[1]'.</msg>
<status status="PASS" starttime="20231019 19:27:13.119" endtime="20231019 19:27:13.500"/>
</kw>
<status status="PASS" starttime="20231019 19:27:13.103" endtime="20231019 19:27:13.501"/>
</kw>
<kw name="And The User clicks on the &quot;Crypto Rupee Index&quot; option" library="Keywords">
<kw name="Click Element" library="SeleniumLibrary">
<arg>${CryptoRupeeIndex}</arg>
<doc>Click the element identified by ``locator``.</doc>
<msg timestamp="20231019 19:27:13.513" level="INFO">Clicking element 'xpath = //span[contains(text(),"Crypto Rupee Index")]'.</msg>
<status status="PASS" starttime="20231019 19:27:13.512" endtime="20231019 19:27:13.673"/>
</kw>
<kw name="Sleep" library="BuiltIn">
<arg>3s</arg>
<doc>Pauses the test executed for the given time.</doc>
<msg timestamp="20231019 19:27:16.674" level="INFO">Slept 3 seconds</msg>
<status status="PASS" starttime="20231019 19:27:13.674" endtime="20231019 19:27:16.674"/>
</kw>
<status status="PASS" starttime="20231019 19:27:13.507" endtime="20231019 19:27:16.674"/>
</kw>
<kw name="Then The User should be redirected to the Crypto Rupee Index page" library="Keywords">
<kw name="Get Window Handles" library="SeleniumLibrary">
<var>${Windows}</var>
<doc>Returns all child window handles of the selected browser as a list.</doc>
<msg timestamp="20231019 19:27:16.721" level="INFO">${Windows} = ['412805FDE67ACC289999D714F5845FEB', '2604EF7456329B58E08100534F47E8EE']</msg>
<status status="PASS" starttime="20231019 19:27:16.690" endtime="20231019 19:27:16.721"/>
</kw>
<kw name="Switch Window" library="SeleniumLibrary">
<arg>${Windows}[1]</arg>
<doc>Switches to browser window matching ``locator``.</doc>
<status status="PASS" starttime="20231019 19:27:16.721" endtime="20231019 19:27:16.832"/>
</kw>
<kw name="Get Title" library="SeleniumLibrary">
<var>${CRItitle}</var>
<doc>Returns the title of the current page.</doc>
<msg timestamp="20231019 19:27:16.896" level="INFO">${CRItitle} = CRE8: Indian Crypto Index by CoinSwitch</msg>
<status status="PASS" starttime="20231019 19:27:16.832" endtime="20231019 19:27:16.897"/>
</kw>
<kw name="Log To Console" library="BuiltIn">
<arg>${CRItitle}</arg>
<doc>Logs the given message to the console.</doc>
<status status="PASS" starttime="20231019 19:27:16.898" endtime="20231019 19:27:16.900"/>
</kw>
<kw name="Close Window" library="SeleniumLibrary">
<doc>Closes currently opened and selected browser window/tab.</doc>
<status status="PASS" starttime="20231019 19:27:16.900" endtime="20231019 19:27:16.975"/>
</kw>
<kw name="Switch Window" library="SeleniumLibrary">
<arg>${Windows}[0]</arg>
<doc>Switches to browser window matching ``locator``.</doc>
<status status="PASS" starttime="20231019 19:27:16.975" endtime="20231019 19:27:16.988"/>
</kw>
<status status="PASS" starttime="20231019 19:27:16.674" endtime="20231019 19:27:16.988"/>
</kw>
<status status="PASS" starttime="20231019 19:27:10.783" endtime="20231019 19:27:17.008"/>
</test>
<test id="s1-s1-s1-t5" name="TC_5: Verify the &quot;Systematic Investment Plan&quot; option of the &quot;Products&quot; dropdown in the home page" line="36">
<kw name="Given &quot;Systematic Investment Plan&quot; The User is on the homepage" library="Keywords">
<kw name="Get Title" library="SeleniumLibrary">
<var>${Homepage}</var>
<doc>Returns the title of the current page.</doc>
<msg timestamp="20231019 19:27:17.034" level="INFO">${Homepage} = Secure and Efficient Crypto Trading: Buy and Sell Crypto on Multiple Exchanges</msg>
<status status="PASS" starttime="20231019 19:27:17.025" endtime="20231019 19:27:17.035"/>
</kw>
<kw name="Log To Console" library="BuiltIn">
<arg>${Homepage}</arg>
<doc>Logs the given message to the console.</doc>
<status status="PASS" starttime="20231019 19:27:17.035" endtime="20231019 19:27:17.035"/>
</kw>
<status status="PASS" starttime="20231019 19:27:17.015" endtime="20231019 19:27:17.035"/>
</kw>
<kw name="When The User user mouse over the &quot;Products&quot; dropdown." library="Keywords">
<kw name="Mouse Over" library="SeleniumLibrary">
<arg>${Products}</arg>
<doc>Simulates hovering the mouse over the element ``locator``.</doc>
<msg timestamp="20231019 19:27:17.057" level="INFO">Simulating Mouse Over on element 'xpath = (//*[@class='tw-text-gray-200 group-hover:tw-text-gold'])[1]'.</msg>
<status status="PASS" starttime="20231019 19:27:17.057" endtime="20231019 19:27:17.349"/>
</kw>
<status status="PASS" starttime="20231019 19:27:17.048" endtime="20231019 19:27:17.350"/>
</kw>
<kw name="And The User clicks on the &quot;Systematic Investment Plan&quot; option" library="Keywords">
<kw name="Click Element" library="SeleniumLibrary">
<arg>${SystematicInvestmentPlan}</arg>
<doc>Click the element identified by ``locator``.</doc>
<msg timestamp="20231019 19:27:17.360" level="INFO">Clicking element 'xpath = //span[contains(text(),"Systematic Investment Plan")]'.</msg>
<status status="PASS" starttime="20231019 19:27:17.360" endtime="20231019 19:27:17.517"/>
</kw>
<kw name="Sleep" library="BuiltIn">
<arg>3s</arg>
<doc>Pauses the test executed for the given time.</doc>
<msg timestamp="20231019 19:27:20.519" level="INFO">Slept 3 seconds</msg>
<status status="PASS" starttime="20231019 19:27:17.517" endtime="20231019 19:27:20.519"/>
</kw>
<status status="PASS" starttime="20231019 19:27:17.360" endtime="20231019 19:27:20.519"/>
</kw>
<kw name="Then The User should be redirected to the Systematic Investment Plan page" library="Keywords">
<kw name="Get Window Handles" library="SeleniumLibrary">
<var>${Windows}</var>
<doc>Returns all child window handles of the selected browser as a list.</doc>
<msg timestamp="20231019 19:27:20.566" level="INFO">${Windows} = ['412805FDE67ACC289999D714F5845FEB', '7BBE23112183AD94B72A5378F680E893']</msg>
<status status="PASS" starttime="20231019 19:27:20.550" endtime="20231019 19:27:20.566"/>
</kw>
<kw name="Switch Window" library="SeleniumLibrary">
<arg>${Windows}[1]</arg>
<doc>Switches to browser window matching ``locator``.</doc>
<status status="PASS" starttime="20231019 19:27:20.566" endtime="20231019 19:27:20.656"/>
</kw>
<kw name="Get Title" library="SeleniumLibrary">
<var>${SIPtitle}</var>
<doc>Returns the title of the current page.</doc>
<msg timestamp="20231019 19:27:20.674" level="INFO">${SIPtitle} = Invest in BTC, SHIB, ETH, and DOGE through SIP - CoinSwitch</msg>
<status status="PASS" starttime="20231019 19:27:20.657" endtime="20231019 19:27:20.675"/>
</kw>
<kw name="Log To Console" library="BuiltIn">
<arg>${SIPtitle}</arg>
<doc>Logs the given message to the console.</doc>
<status status="PASS" starttime="20231019 19:27:20.675" endtime="20231019 19:27:20.677"/>
</kw>
<kw name="Close Window" library="SeleniumLibrary">
<doc>Closes currently opened and selected browser window/tab.</doc>
<status status="PASS" starttime="20231019 19:27:20.677" endtime="20231019 19:27:20.735"/>
</kw>
<kw name="Switch Window" library="SeleniumLibrary">
<arg>${Windows}[0]</arg>
<doc>Switches to browser window matching ``locator``.</doc>
<status status="PASS" starttime="20231019 19:27:20.735" endtime="20231019 19:27:20.755"/>
</kw>
<status status="PASS" starttime="20231019 19:27:20.535" endtime="20231019 19:27:20.755"/>
</kw>
<status status="PASS" starttime="20231019 19:27:17.011" endtime="20231019 19:27:20.766"/>
</test>
<test id="s1-s1-s1-t6" name="TC_6: Verify the &quot;API Trading&quot; option of the &quot;Products&quot; dropdown in the home page" line="43">
<kw name="Given &quot;API Trading&quot; The User is on the homepage" library="Keywords">
<kw name="Get Title" library="SeleniumLibrary">
<var>${Homepage}</var>
<doc>Returns the title of the current page.</doc>
<msg timestamp="20231019 19:27:20.783" level="INFO">${Homepage} = Secure and Efficient Crypto Trading: Buy and Sell Crypto on Multiple Exchanges</msg>
<status status="PASS" starttime="20231019 19:27:20.777" endtime="20231019 19:27:20.783"/>
</kw>
<kw name="Log To Console" library="BuiltIn">
<arg>${Homepage}</arg>
<doc>Logs the given message to the console.</doc>
<status status="PASS" starttime="20231019 19:27:20.783" endtime="20231019 19:27:20.783"/>
</kw>
<status status="PASS" starttime="20231019 19:27:20.770" endtime="20231019 19:27:20.783"/>
</kw>
<kw name="When The User user mouse over the &quot;Products&quot; dropdown.." library="Keywords">
<kw name="Mouse Over" library="SeleniumLibrary">
<arg>${Products}</arg>
<doc>Simulates hovering the mouse over the element ``locator``.</doc>
<msg timestamp="20231019 19:27:20.803" level="INFO">Simulating Mouse Over on element 'xpath = (//*[@class='tw-text-gray-200 group-hover:tw-text-gold'])[1]'.</msg>
<status status="PASS" starttime="20231019 19:27:20.802" endtime="20231019 19:27:21.085"/>
</kw>
<status status="PASS" starttime="20231019 19:27:20.783" endtime="20231019 19:27:21.085"/>
</kw>
<kw name="And The User clicks on the &quot;API Trading&quot; option" library="Keywords">
<kw name="Click Element" library="SeleniumLibrary">
<arg>${APITrading}</arg>
<doc>Click the element identified by ``locator``.</doc>
<msg timestamp="20231019 19:27:21.116" level="INFO">Clicking element 'xpath = //span[contains(text(),"API Trading")]'.</msg>
<status status="PASS" starttime="20231019 19:27:21.116" endtime="20231019 19:27:21.233"/>
</kw>
<kw name="Sleep" library="BuiltIn">
<arg>3s</arg>
<doc>Pauses the test executed for the given time.</doc>
<msg timestamp="20231019 19:27:24.234" level="INFO">Slept 3 seconds</msg>
<status status="PASS" starttime="20231019 19:27:21.233" endtime="20231019 19:27:24.234"/>
</kw>
<status status="PASS" starttime="20231019 19:27:21.116" endtime="20231019 19:27:24.234"/>
</kw>
<kw name="Then The User should be redirected to the API Trading page" library="Keywords">
<kw name="Get Title" library="SeleniumLibrary">
<var>${APItitle}</var>
<doc>Returns the title of the current page.</doc>
<msg timestamp="20231019 19:27:24.281" level="INFO">${APItitle} = API Trading with CoinSwitch, Boost Your Crypto Investments with Best Trading Software</msg>
<status status="PASS" starttime="20231019 19:27:24.265" endtime="20231019 19:27:24.281"/>
</kw>
<kw name="Log To Console" library="BuiltIn">
<arg>${APItitle}</arg>
<doc>Logs the given message to the console.</doc>
<status status="PASS" starttime="20231019 19:27:24.281" endtime="20231019 19:27:24.281"/>
</kw>
<status status="PASS" starttime="20231019 19:27:24.249" endtime="20231019 19:27:24.281"/>
</kw>
<status status="PASS" starttime="20231019 19:27:20.768" endtime="20231019 19:27:24.296"/>
</test>
<test id="s1-s1-s1-t7" name="TC_7: Verify the &quot;About Us&quot; option of the &quot;Company&quot; dropdown in the home page" line="50">
<kw name="Given &quot;About Us&quot; The User is on the homepage" library="Keywords">
<kw name="Go To" library="SeleniumLibrary">
<arg>${URL}</arg>
<doc>Navigates the current browser window to the provided ``url``.</doc>
<msg timestamp="20231019 19:27:24.321" level="INFO">Opening url 'https://coinswitch.co/pro/'</msg>
<status status="PASS" starttime="20231019 19:27:24.321" endtime="20231019 19:27:25.264"/>
</kw>
<status status="PASS" starttime="20231019 19:27:24.296" endtime="20231019 19:27:25.264"/>
</kw>
<kw name="When The User user mouse over the &quot;Company&quot; dropdown" library="Keywords">
<kw name="Mouse Over" library="SeleniumLibrary">
<arg>${Company}</arg>
<doc>Simulates hovering the mouse over the element ``locator``.</doc>
<msg timestamp="20231019 19:27:25.297" level="INFO">Simulating Mouse Over on element 'xpath = (//*[@class='tw-text-gray-200 group-hover:tw-text-gold'])[2]'.</msg>
<status status="PASS" starttime="20231019 19:27:25.297" endtime="20231019 19:27:25.617"/>
</kw>
<status status="PASS" starttime="20231019 19:27:25.297" endtime="20231019 19:27:25.617"/>
</kw>
<kw name="And The User clicks on the &quot;About Us&quot; option" library="Keywords">
<kw name="Click Element" library="SeleniumLibrary">
<arg>${AboutUs}</arg>
<doc>Click the element identified by ``locator``.</doc>
<msg timestamp="20231019 19:27:25.649" level="INFO">Clicking element 'xpath = //span[contains(text(),"About Us")]'.</msg>
<status status="PASS" starttime="20231019 19:27:25.648" endtime="20231019 19:27:25.790"/>
</kw>
<kw name="Sleep" library="BuiltIn">
<arg>3s</arg>
<doc>Pauses the test executed for the given time.</doc>
<msg timestamp="20231019 19:27:28.792" level="INFO">Slept 3 seconds</msg>
<status status="PASS" starttime="20231019 19:27:25.790" endtime="20231019 19:27:28.792"/>
</kw>
<status status="PASS" starttime="20231019 19:27:25.633" endtime="20231019 19:27:28.792"/>
</kw>
<kw name="Then The User should be redirected to the About Us page" library="Keywords">
<kw name="Get Window Handles" library="SeleniumLibrary">
<var>${Windows}</var>
<doc>Returns all child window handles of the selected browser as a list.</doc>
<msg timestamp="20231019 19:27:28.839" level="INFO">${Windows} = ['412805FDE67ACC289999D714F5845FEB', 'D10DA0C250EC991C3BD238953B31FCE4']</msg>
<status status="PASS" starttime="20231019 19:27:28.839" endtime="20231019 19:27:28.854"/>
</kw>
<kw name="Switch Window" library="SeleniumLibrary">
<arg>${Windows}[1]</arg>
<doc>Switches to browser window matching ``locator``.</doc>
<status status="PASS" starttime="20231019 19:27:28.854" endtime="20231019 19:27:28.927"/>
</kw>
<kw name="Get Title" library="SeleniumLibrary">
<var>${Abouttitle}</var>
<doc>Returns the title of the current page.</doc>
<msg timestamp="20231019 19:27:28.966" level="INFO">${Abouttitle} = </msg>
<status status="PASS" starttime="20231019 19:27:28.927" endtime="20231019 19:27:28.966"/>
</kw>
<kw name="Log To Console" library="BuiltIn">
<arg>${Abouttitle}</arg>
<doc>Logs the given message to the console.</doc>
<status status="PASS" starttime="20231019 19:27:28.966" endtime="20231019 19:27:28.966"/>
</kw>
<kw name="Close Window" library="SeleniumLibrary">
<doc>Closes currently opened and selected browser window/tab.</doc>
<status status="PASS" starttime="20231019 19:27:28.966" endtime="20231019 19:27:29.054"/>
</kw>
<kw name="Switch Window" library="SeleniumLibrary">
<arg>${Windows}[0]</arg>
<doc>Switches to browser window matching ``locator``.</doc>
<status status="PASS" starttime="20231019 19:27:29.054" endtime="20231019 19:27:29.070"/>
</kw>
<status status="PASS" starttime="20231019 19:27:28.823" endtime="20231019 19:27:29.070"/>
</kw>
<status status="PASS" starttime="20231019 19:27:24.296" endtime="20231019 19:27:29.077"/>
</test>
<test id="s1-s1-s1-t8" name="TC_8: Verify the &quot;Careers&quot; option of the &quot;Company&quot; dropdown in the home page" line="57">
<kw name="Given &quot;Careers&quot; The User is on the homepage" library="Keywords">
<kw name="Get Title" library="SeleniumLibrary">
<var>${Homepage}</var>
<doc>Returns the title of the current page.</doc>
<msg timestamp="20231019 19:27:29.101" level="INFO">${Homepage} = Secure and Efficient Crypto Trading: Buy and Sell Crypto on Multiple Exchanges</msg>
<status status="PASS" starttime="20231019 19:27:29.097" endtime="20231019 19:27:29.101"/>
</kw>
<kw name="Log To Console" library="BuiltIn">
<arg>${Homepage}</arg>
<doc>Logs the given message to the console.</doc>
<status status="PASS" starttime="20231019 19:27:29.101" endtime="20231019 19:27:29.101"/>
</kw>
<status status="PASS" starttime="20231019 19:27:29.083" endtime="20231019 19:27:29.101"/>
</kw>
<kw name="When The User user mouse over the &quot;Company&quot; dropdown." library="Keywords">
<kw name="Mouse Over" library="SeleniumLibrary">
<arg>${Company}</arg>
<doc>Simulates hovering the mouse over the element ``locator``.</doc>
<msg timestamp="20231019 19:27:29.134" level="INFO">Simulating Mouse Over on element 'xpath = (//*[@class='tw-text-gray-200 group-hover:tw-text-gold'])[2]'.</msg>
<status status="PASS" starttime="20231019 19:27:29.131" endtime="20231019 19:27:29.416"/>
</kw>
<status status="PASS" starttime="20231019 19:27:29.121" endtime="20231019 19:27:29.416"/>
</kw>
<kw name="And The User clicks on the &quot;Careers&quot; option" library="Keywords">
<kw name="Click Element" library="SeleniumLibrary">
<arg>${Careers}</arg>
<doc>Click the element identified by ``locator``.</doc>
<msg timestamp="20231019 19:27:29.478" level="INFO">Clicking element 'xpath = //span[contains(text(),"Careers")]'.</msg>
<status status="PASS" starttime="20231019 19:27:29.478" endtime="20231019 19:27:29.674"/>
</kw>
<kw name="Sleep" library="BuiltIn">
<arg>3s</arg>
<doc>Pauses the test executed for the given time.</doc>
<msg timestamp="20231019 19:27:32.676" level="INFO">Slept 3 seconds</msg>
<status status="PASS" starttime="20231019 19:27:29.675" endtime="20231019 19:27:32.677"/>
</kw>
<status status="PASS" starttime="20231019 19:27:29.431" endtime="20231019 19:27:32.677"/>
</kw>
<kw name="Then The User should be redirected to the Careers page" library="Keywords">
<kw name="Get Window Handles" library="SeleniumLibrary">
<var>${Windows}</var>
<doc>Returns all child window handles of the selected browser as a list.</doc>
<msg timestamp="20231019 19:27:32.730" level="INFO">${Windows} = ['412805FDE67ACC289999D714F5845FEB', '47329E4EBAE5D6F0209E329A7C04C08B']</msg>
<status status="PASS" starttime="20231019 19:27:32.725" endtime="20231019 19:27:32.730"/>
</kw>
<kw name="Switch Window" library="SeleniumLibrary">
<arg>${Windows}[1]</arg>
<doc>Switches to browser window matching ``locator``.</doc>
<status status="PASS" starttime="20231019 19:27:32.730" endtime="20231019 19:27:32.813"/>
</kw>
<kw name="Get Title" library="SeleniumLibrary">
<var>${Careerstitle}</var>
<doc>Returns the title of the current page.</doc>
<msg timestamp="20231019 19:27:38.294" level="INFO">${Careerstitle} = Careers at CoinSwitch</msg>
<status status="PASS" starttime="20231019 19:27:32.814" endtime="20231019 19:27:38.295"/>
</kw>
<kw name="Log To Console" library="BuiltIn">
<arg>${Careerstitle}</arg>
<doc>Logs the given message to the console.</doc>
<status status="PASS" starttime="20231019 19:27:38.295" endtime="20231019 19:27:38.297"/>
</kw>
<kw name="Close Window" library="SeleniumLibrary">
<doc>Closes currently opened and selected browser window/tab.</doc>
<status status="PASS" starttime="20231019 19:27:38.297" endtime="20231019 19:27:38.365"/>
</kw>
<kw name="Switch Window" library="SeleniumLibrary">
<arg>${Windows}[0]</arg>
<doc>Switches to browser window matching ``locator``.</doc>
<status status="PASS" starttime="20231019 19:27:38.366" endtime="20231019 19:27:38.383"/>
</kw>
<status status="PASS" starttime="20231019 19:27:32.717" endtime="20231019 19:27:38.383"/>
</kw>
<status status="PASS" starttime="20231019 19:27:29.080" endtime="20231019 19:27:38.396"/>
</test>
<test id="s1-s1-s1-t9" name="TC_9: Verify the &quot;Press&quot; option of the &quot;Company&quot; dropdown in the home page" line="64">
<kw name="Given &quot;Press&quot; The User is on the homepage" library="Keywords">
<kw name="Get Title" library="SeleniumLibrary">
<var>${Homepage}</var>
<doc>Returns the title of the current page.</doc>
<msg timestamp="20231019 19:27:38.416" level="INFO">${Homepage} = Secure and Efficient Crypto Trading: Buy and Sell Crypto on Multiple Exchanges</msg>
<status status="PASS" starttime="20231019 19:27:38.408" endtime="20231019 19:27:38.416"/>
</kw>
<kw name="Log To Console" library="BuiltIn">
<arg>${Homepage}</arg>
<doc>Logs the given message to the console.</doc>
<status status="PASS" starttime="20231019 19:27:38.416" endtime="20231019 19:27:38.416"/>
</kw>
<status status="PASS" starttime="20231019 19:27:38.401" endtime="20231019 19:27:38.416"/>
</kw>
<kw name="When The User user mouse over the &quot;Company&quot; dropdown.." library="Keywords">
<kw name="Mouse Over" library="SeleniumLibrary">
<arg>${Company}</arg>
<doc>Simulates hovering the mouse over the element ``locator``.</doc>
<msg timestamp="20231019 19:27:38.453" level="INFO">Simulating Mouse Over on element 'xpath = (//*[@class='tw-text-gray-200 group-hover:tw-text-gold'])[2]'.</msg>
<status status="PASS" starttime="20231019 19:27:38.452" endtime="20231019 19:27:38.745"/>
</kw>
<status status="PASS" starttime="20231019 19:27:38.447" endtime="20231019 19:27:38.745"/>
</kw>
<kw name="And The User clicks on the Press option" library="Keywords">
<kw name="Click Element" library="SeleniumLibrary">
<arg>${Press}</arg>
<doc>Click the element identified by ``locator``.</doc>
<msg timestamp="20231019 19:27:38.760" level="INFO">Clicking element 'xpath = //span[contains(text(),"Press")]'.</msg>
<status status="PASS" starttime="20231019 19:27:38.760" endtime="20231019 19:27:38.885"/>
</kw>
<kw name="Sleep" library="BuiltIn">
<arg>3s</arg>
<doc>Pauses the test executed for the given time.</doc>
<msg timestamp="20231019 19:27:41.888" level="INFO">Slept 3 seconds</msg>
<status status="PASS" starttime="20231019 19:27:38.886" endtime="20231019 19:27:41.888"/>
</kw>
<status status="PASS" starttime="20231019 19:27:38.745" endtime="20231019 19:27:41.888"/>
</kw>
<kw name="Then The User should be redirected to the Press page" library="Keywords">
<kw name="Get Window Handles" library="SeleniumLibrary">
<var>${Windows}</var>
<doc>Returns all child window handles of the selected browser as a list.</doc>
<msg timestamp="20231019 19:27:41.950" level="INFO">${Windows} = ['412805FDE67ACC289999D714F5845FEB', 'A624BF3327B40223602CCB9D78BB87D7']</msg>
<status status="PASS" starttime="20231019 19:27:41.935" endtime="20231019 19:27:41.950"/>
</kw>
<kw name="Switch Window" library="SeleniumLibrary">
<arg>${Windows}[1]</arg>
<doc>Switches to browser window matching ``locator``.</doc>
<status status="PASS" starttime="20231019 19:27:41.950" endtime="20231019 19:27:42.039"/>
</kw>
<kw name="Get Title" library="SeleniumLibrary">
<var>${Presstitle}</var>
<doc>Returns the title of the current page.</doc>
<msg timestamp="20231019 19:27:42.063" level="INFO">${Presstitle} = Press - CoinSwitch</msg>
<status status="PASS" starttime="20231019 19:27:42.039" endtime="20231019 19:27:42.063"/>
</kw>
<kw name="Log To Console" library="BuiltIn">
<arg>${Presstitle}</arg>
<doc>Logs the given message to the console.</doc>
<status status="PASS" starttime="20231019 19:27:42.064" endtime="20231019 19:27:42.067"/>
</kw>
<kw name="Close Window" library="SeleniumLibrary">
<doc>Closes currently opened and selected browser window/tab.</doc>
<status status="PASS" starttime="20231019 19:27:42.068" endtime="20231019 19:27:42.132"/>
</kw>
<kw name="Switch Window" library="SeleniumLibrary">
<arg>${Windows}[0]</arg>
<doc>Switches to browser window matching ``locator``.</doc>
<status status="PASS" starttime="20231019 19:27:42.132" endtime="20231019 19:27:42.151"/>
</kw>
<status status="PASS" starttime="20231019 19:27:41.919" endtime="20231019 19:27:42.151"/>
</kw>
<status status="PASS" starttime="20231019 19:27:38.399" endtime="20231019 19:27:42.172"/>
</test>
<test id="s1-s1-s1-t10" name="TC_10: Verify the &quot;Trade Now&quot; button in the home page" line="71">
<kw name="Given &quot;Trade Now&quot; The User is on the homepage" library="Keywords">
<kw name="Get Title" library="SeleniumLibrary">
<var>${Homepage}</var>
<doc>Returns the title of the current page.</doc>
<msg timestamp="20231019 19:27:42.194" level="INFO">${Homepage} = Secure and Efficient Crypto Trading: Buy and Sell Crypto on Multiple Exchanges</msg>
<status status="PASS" starttime="20231019 19:27:42.187" endtime="20231019 19:27:42.195"/>
</kw>
<kw name="Log To Console" library="BuiltIn">
<arg>${Homepage}</arg>
<doc>Logs the given message to the console.</doc>
<status status="PASS" starttime="20231019 19:27:42.196" endtime="20231019 19:27:42.198"/>
</kw>
<status status="PASS" starttime="20231019 19:27:42.176" endtime="20231019 19:27:42.198"/>
</kw>
<kw name="When The User clicks on the &quot;Trade Now&quot; button" library="Keywords">
<kw name="Click Button" library="SeleniumLibrary">
<arg>${TradeNow}</arg>
<doc>Clicks the button identified by ``locator``.</doc>
<msg timestamp="20231019 19:27:42.215" level="INFO">Clicking button 'xpath = //button[contains(text(),"TRADE NOW")]'.</msg>
<status status="PASS" starttime="20231019 19:27:42.213" endtime="20231019 19:27:48.481"/>
</kw>
<kw name="Sleep" library="BuiltIn">
<arg>3s</arg>
<doc>Pauses the test executed for the given time.</doc>
<msg timestamp="20231019 19:27:51.483" level="INFO">Slept 3 seconds</msg>
<status status="PASS" starttime="20231019 19:27:48.481" endtime="20231019 19:27:51.483"/>
</kw>
<status status="PASS" starttime="20231019 19:27:42.198" endtime="20231019 19:27:51.483"/>
</kw>
<kw name="Then The User should be redirected to the Trade Now page" library="Keywords">
<kw name="Get Title" library="SeleniumLibrary">
<var>${TradeTitle}</var>
<doc>Returns the title of the current page.</doc>
<msg timestamp="20231019 19:27:51.530" level="INFO">${TradeTitle} = BTC to INR | Buy BTC in India at best price at ₹24,69,761 | CoinSwitch</msg>
<status status="PASS" starttime="20231019 19:27:51.514" endtime="20231019 19:27:51.530"/>
</kw>
<kw name="Log To Console" library="BuiltIn">
<arg>${TradeTitle}</arg>
<doc>Logs the given message to the console.</doc>
<status status="PASS" starttime="20231019 19:27:51.530" endtime="20231019 19:27:51.530"/>
</kw>
<status status="PASS" starttime="20231019 19:27:51.499" endtime="20231019 19:27:51.530"/>
</kw>
<status status="PASS" starttime="20231019 19:27:42.174" endtime="20231019 19:27:51.530"/>
</test>
<test id="s1-s1-s1-t11" name="TC_11: Verify the &quot;Checkout API Trading&quot; button in the home page" line="77">
<kw name="Given &quot;Checkout API Trading&quot; The User is on the homepage" library="Keywords">
<kw name="Go To" library="SeleniumLibrary">
<arg>${URL}</arg>
<doc>Navigates the current browser window to the provided ``url``.</doc>
<msg timestamp="20231019 19:27:51.546" level="INFO">Opening url 'https://coinswitch.co/pro/'</msg>
<status status="PASS" starttime="20231019 19:27:51.546" endtime="20231019 19:27:52.032"/>
</kw>
<status status="PASS" starttime="20231019 19:27:51.546" endtime="20231019 19:27:52.032"/>
</kw>
<kw name="When The User clicks on the &quot;Checkout API Trading&quot; option" library="Keywords">
<kw name="Click Button" library="SeleniumLibrary">
<arg>${CheckoutAPITrading}</arg>
<doc>Clicks the button identified by ``locator``.</doc>
<msg timestamp="20231019 19:27:52.061" level="INFO">Clicking button 'xpath = //button[contains(text(),"CHECKOUT API TRADING")]'.</msg>
<status status="PASS" starttime="20231019 19:27:52.058" endtime="20231019 19:27:55.922"/>
</kw>
<kw name="Sleep" library="BuiltIn">
<arg>3s</arg>
<doc>Pauses the test executed for the given time.</doc>
<msg timestamp="20231019 19:27:58.923" level="INFO">Slept 3 seconds</msg>
<status status="PASS" starttime="20231019 19:27:55.922" endtime="20231019 19:27:58.923"/>
</kw>
<status status="PASS" starttime="20231019 19:27:52.046" endtime="20231019 19:27:58.923"/>
</kw>
<kw name="Then The User should be redirected to the Checkout API Trading page" library="Keywords">
<kw name="Get Title" library="SeleniumLibrary">
<var>${CheckoutTitle}</var>
<doc>Returns the title of the current page.</doc>
<msg timestamp="20231019 19:27:58.970" level="INFO">${CheckoutTitle} = API Trading with CoinSwitch, Boost Your Crypto Investments with Best Trading Software</msg>
<status status="PASS" starttime="20231019 19:27:58.970" endtime="20231019 19:27:58.970"/>
</kw>
<kw name="Log To Console" library="BuiltIn">
<arg>${CheckoutTitle}</arg>
<doc>Logs the given message to the console.</doc>
<status status="PASS" starttime="20231019 19:27:58.970" endtime="20231019 19:27:58.986"/>
</kw>
<status status="PASS" starttime="20231019 19:27:58.955" endtime="20231019 19:27:58.986"/>
</kw>
<status status="PASS" starttime="20231019 19:27:51.530" endtime="20231019 19:27:58.997"/>
</test>
<test id="s1-s1-s1-t12" name="TC_12: Verify the &quot;Multiple Exchanges, One Platform&quot; section in the home page" line="83">
<kw name="Given &quot;Multiple Exchanges, One Platform&quot; The User is on the homepage" library="Keywords">
<kw name="Go To" library="SeleniumLibrary">
<arg>${URL}</arg>
<doc>Navigates the current browser window to the provided ``url``.</doc>
<msg timestamp="20231019 19:27:59.010" level="INFO">Opening url 'https://coinswitch.co/pro/'</msg>
<status status="PASS" starttime="20231019 19:27:59.009" endtime="20231019 19:27:59.877"/>
</kw>
<kw name="Sleep" library="BuiltIn">
<arg>3s</arg>
<doc>Pauses the test executed for the given time.</doc>
<msg timestamp="20231019 19:28:02.877" level="INFO">Slept 3 seconds</msg>
<status status="PASS" starttime="20231019 19:27:59.877" endtime="20231019 19:28:02.877"/>
</kw>
<status status="PASS" starttime="20231019 19:27:58.998" endtime="20231019 19:28:02.877"/>
</kw>
<kw name="When The User scrolls down to the &quot;Multiple Exchanges, One Platform&quot; section" library="Keywords">
<kw name="Scroll Element Into View" library="SeleniumLibrary">
<arg>${MultipleExchangesTryNow}</arg>
<doc>Scrolls the element identified by ``locator`` into view.</doc>
<status status="PASS" starttime="20231019 19:28:02.893" endtime="20231019 19:28:03.219"/>
</kw>
<kw name="Wait Until Element Is Visible" library="SeleniumLibrary">
<arg>${MultipleExchangesTryNow}</arg>
<doc>Waits until the element ``locator`` is visible.</doc>
<status status="PASS" starttime="20231019 19:28:03.219" endtime="20231019 19:28:03.760"/>
</kw>
<kw name="Get Text" library="SeleniumLibrary">
<var>${MultipleExchangesTxt}</var>
<arg>${MultipleExchangesText}</arg>
<doc>Returns the text value of the element identified by ``locator``.</doc>
<msg timestamp="20231019 19:28:03.978" level="INFO">${MultipleExchangesTxt} = Multiple Exchanges, One Platform</msg>
<status status="PASS" starttime="20231019 19:28:03.760" endtime="20231019 19:28:03.978"/>
</kw>
<kw name="Element Text Should Be" library="SeleniumLibrary">
<arg>${MultipleExchangesText}</arg>
<arg>Multiple Exchanges, One Platform</arg>
<doc>Verifies that element ``locator`` contains exact the text ``expected``.</doc>
<msg timestamp="20231019 19:28:03.978" level="INFO">Verifying element 'xpath = (//*[@class='tw-max-w-sm tw-py-4 tw-text-3xl tw-text-gold-500 md:tw-max-w-xs md:tw-text-4xl'])[1]' contains exact text 'Multiple Exchanges, One Platform'.</msg>
<status status="PASS" starttime="20231019 19:28:03.978" endtime="20231019 19:28:04.010"/>
</kw>
<kw name="Log To Console" library="BuiltIn">
<arg>Multiple Exchanges, One Platform section has been displayed</arg>
<doc>Logs the given message to the console.</doc>
<status status="PASS" starttime="20231019 19:28:04.010" endtime="20231019 19:28:04.025"/>
</kw>
<status status="PASS" starttime="20231019 19:28:02.893" endtime="20231019 19:28:04.025"/>
</kw>
<kw name="And The User clicks on the &quot;Try Now&quot; option of &quot;Multiple Exchanges, One Platform&quot; section" library="Keywords">
<kw name="Click Element" library="SeleniumLibrary">
<arg>${MultipleExchangesTryNow}</arg>
<doc>Click the element identified by ``locator``.</doc>
<msg timestamp="20231019 19:28:04.041" level="INFO">Clicking element 'xpath = (//*[@class='tw-hidden tw-items-center tw-text-gold md:tw-flex '])[1]'.</msg>
<status status="PASS" starttime="20231019 19:28:04.041" endtime="20231019 19:28:07.648"/>
</kw>
<kw name="Sleep" library="BuiltIn">
<arg>3s</arg>
<doc>Pauses the test executed for the given time.</doc>
<msg timestamp="20231019 19:28:10.650" level="INFO">Slept 3 seconds</msg>
<status status="PASS" starttime="20231019 19:28:07.648" endtime="20231019 19:28:10.650"/>
</kw>
<status status="PASS" starttime="20231019 19:28:04.025" endtime="20231019 19:28:10.650"/>
</kw>
<kw name="Then The User should be redirected to the Multiple Exchanges, One Platform page" library="Keywords">
<kw name="Get Title" library="SeleniumLibrary">
<var>${MXOPTitle}</var>
<doc>Returns the title of the current page.</doc>
<msg timestamp="20231019 19:28:12.594" level="INFO">${MXOPTitle} = BTC to INR | Buy BTC in India at best price at ₹24,69,761 | CoinSwitch</msg>
<status status="PASS" starttime="20231019 19:28:10.695" endtime="20231019 19:28:12.595"/>
</kw>
<kw name="Log To Console" library="BuiltIn">
<arg>${MXOPTitle}</arg>
<doc>Logs the given message to the console.</doc>
<status status="PASS" starttime="20231019 19:28:12.596" endtime="20231019 19:28:12.602"/>
</kw>
<status status="PASS" starttime="20231019 19:28:10.680" endtime="20231019 19:28:12.602"/>
</kw>
<status status="PASS" starttime="20231019 19:27:58.998" endtime="20231019 19:28:12.609"/>
</test>
<test id="s1-s1-s1-t13" name="TC_13: Verify the &quot;Rupee-Powered&quot; section in the home page" line="90">
<kw name="Given &quot;Rupee-Powered&quot; The User is on the homepage" library="Keywords">
<kw name="Go To" library="SeleniumLibrary">
<arg>${URL}</arg>
<doc>Navigates the current browser window to the provided ``url``.</doc>
<msg timestamp="20231019 19:28:12.700" level="INFO">Opening url 'https://coinswitch.co/pro/'</msg>
<status status="PASS" starttime="20231019 19:28:12.699" endtime="20231019 19:28:14.300"/>
</kw>
<kw name="Sleep" library="BuiltIn">
<arg>3s</arg>
<doc>Pauses the test executed for the given time.</doc>
<msg timestamp="20231019 19:28:17.302" level="INFO">Slept 3 seconds</msg>
<status status="PASS" starttime="20231019 19:28:14.300" endtime="20231019 19:28:17.302"/>
</kw>
<status status="PASS" starttime="20231019 19:28:12.685" endtime="20231019 19:28:17.302"/>
</kw>
<kw name="When The User scrolls down to the &quot;Rupee-Powered&quot; section" library="Keywords">
<kw name="Scroll Element Into View" library="SeleniumLibrary">
<arg>${RupeePoweredTryNow}</arg>
<doc>Scrolls the element identified by ``locator`` into view.</doc>
<status status="PASS" starttime="20231019 19:28:17.333" endtime="20231019 19:28:17.666"/>
</kw>
<kw name="Wait Until Element Is Visible" library="SeleniumLibrary">
<arg>${RupeePoweredTryNow}</arg>
<doc>Waits until the element ``locator`` is visible.</doc>
<status status="PASS" starttime="20231019 19:28:17.666" endtime="20231019 19:28:17.712"/>
</kw>
<kw name="Get Text" library="SeleniumLibrary">
<var>${RupeePoweredTxt}</var>
<arg>${RupeePoweredText}</arg>
<doc>Returns the text value of the element identified by ``locator``.</doc>
<msg timestamp="20231019 19:28:17.759" level="INFO">${RupeePoweredTxt} = Rupee-Powered</msg>
<status status="PASS" starttime="20231019 19:28:17.712" endtime="20231019 19:28:17.759"/>
</kw>
<kw name="Element Text Should Be" library="SeleniumLibrary">
<arg>${RupeePoweredText}</arg>
<arg>Rupee-Powered</arg>
<doc>Verifies that element ``locator`` contains exact the text ``expected``.</doc>
<msg timestamp="20231019 19:28:17.759" level="INFO">Verifying element 'xpath = (//*[@class='tw-max-w-sm tw-py-4 tw-text-3xl tw-text-gold-500 md:tw-max-w-xs md:tw-text-4xl'])[2]' contains exact text 'Rupee-Powered'.</msg>
<status status="PASS" starttime="20231019 19:28:17.759" endtime="20231019 19:28:17.806"/>
</kw>
<kw name="Log To Console" library="BuiltIn">
<arg>Rupee-Powered</arg>
<doc>Logs the given message to the console.</doc>
<status status="PASS" starttime="20231019 19:28:17.806" endtime="20231019 19:28:17.806"/>
</kw>
<status status="PASS" starttime="20231019 19:28:17.333" endtime="20231019 19:28:17.806"/>
</kw>
<kw name="And The User clicks on the &quot;Try Now&quot; option of &quot;Rupee-Powered&quot; section" library="Keywords">
<kw name="Click Element" library="SeleniumLibrary">
<arg>${RupeePoweredTryNow}</arg>
<doc>Click the element identified by ``locator``.</doc>
<msg timestamp="20231019 19:28:17.822" level="INFO">Clicking element 'xpath = (//*[@class='tw-hidden tw-items-center tw-text-gold md:tw-flex'])[1]'.</msg>
<status status="PASS" starttime="20231019 19:28:17.822" endtime="20231019 19:28:22.047"/>
</kw>
<kw name="Sleep" library="BuiltIn">
<arg>3s</arg>
<doc>Pauses the test executed for the given time.</doc>
<msg timestamp="20231019 19:28:25.048" level="INFO">Slept 3 seconds</msg>
<status status="PASS" starttime="20231019 19:28:22.047" endtime="20231019 19:28:25.048"/>
</kw>
<status status="PASS" starttime="20231019 19:28:17.822" endtime="20231019 19:28:25.048"/>
</kw>
<kw name="Then The User should be redirected to the Rupee-Powered page" library="Keywords">
<kw name="Get Title" library="SeleniumLibrary">
<var>${RPTitle}</var>
<doc>Returns the title of the current page.</doc>
<msg timestamp="20231019 19:28:25.158" level="INFO">${RPTitle} = BTC to INR | Buy BTC in India at best price at ₹24,69,761 | CoinSwitch</msg>
<status status="PASS" starttime="20231019 19:28:25.074" endtime="20231019 19:28:25.159"/>
</kw>
<kw name="Log To Console" library="BuiltIn">
<arg>${RPTitle}</arg>
<doc>Logs the given message to the console.</doc>
<status status="PASS" starttime="20231019 19:28:25.160" endtime="20231019 19:28:25.161"/>
</kw>
<status status="PASS" starttime="20231019 19:28:25.057" endtime="20231019 19:28:25.162"/>
</kw>
<status status="PASS" starttime="20231019 19:28:12.650" endtime="20231019 19:28:25.174"/>
</test>
<test id="s1-s1-s1-t14" name="TC_14: Verify the &quot;Data-Driven Decisions&quot; section in the home page" line="97">
<kw name="Given &quot;Data-Driven Decisions&quot; The User is on the homepage" library="Keywords">
<kw name="Go To" library="SeleniumLibrary">
<arg>${URL}</arg>
<doc>Navigates the current browser window to the provided ``url``.</doc>
<msg timestamp="20231019 19:28:25.190" level="INFO">Opening url 'https://coinswitch.co/pro/'</msg>
<status status="PASS" starttime="20231019 19:28:25.190" endtime="20231019 19:28:25.715"/>
</kw>
<status status="PASS" starttime="20231019 19:28:25.176" endtime="20231019 19:28:25.715"/>
</kw>
<kw name="When The User scrolls down to the &quot;Data-Driven Decisions&quot; section" library="Keywords">
<kw name="Scroll Element Into View" library="SeleniumLibrary">
<arg>${DataDrivenTryNow}</arg>
<doc>Scrolls the element identified by ``locator`` into view.</doc>
<status status="PASS" starttime="20231019 19:28:25.732" endtime="20231019 19:28:26.185"/>
</kw>
<kw name="Wait Until Element Is Visible" library="SeleniumLibrary">
<arg>${DataDrivenTryNow}</arg>
<doc>Waits until the element ``locator`` is visible.</doc>
<status status="PASS" starttime="20231019 19:28:26.185" endtime="20231019 19:28:26.232"/>
</kw>
<kw name="Get Text" library="SeleniumLibrary">
<var>${DataDrivenTxt}</var>
<arg>${DataDrivenText}</arg>
<doc>Returns the text value of the element identified by ``locator``.</doc>
<msg timestamp="20231019 19:28:26.263" level="INFO">${DataDrivenTxt} = Data-Driven Decisions</msg>
<status status="PASS" starttime="20231019 19:28:26.232" endtime="20231019 19:28:26.263"/>
</kw>
<kw name="Element Text Should Be" library="SeleniumLibrary">
<arg>${DataDrivenText}</arg>
<arg>Data-Driven Decisions</arg>
<doc>Verifies that element ``locator`` contains exact the text ``expected``.</doc>
<msg timestamp="20231019 19:28:26.279" level="INFO">Verifying element 'xpath = (//*[@class='tw-max-w-sm tw-py-4 tw-text-3xl tw-text-gold-500 md:tw-max-w-xs md:tw-text-4xl'])[3]' contains exact text 'Data-Driven Decisions'.</msg>
<status status="PASS" starttime="20231019 19:28:26.263" endtime="20231019 19:28:26.294"/>
</kw>
<kw name="Log To Console" library="BuiltIn">
<arg>Data-Driven Decisions</arg>
<doc>Logs the given message to the console.</doc>
<status status="PASS" starttime="20231019 19:28:26.294" endtime="20231019 19:28:26.294"/>
</kw>
<status status="PASS" starttime="20231019 19:28:25.727" endtime="20231019 19:28:26.294"/>
</kw>
<kw name="And The User clicks on the &quot;Try Now&quot; option of &quot;Data-Driven Decisions&quot; section" library="Keywords">
<kw name="Click Element" library="SeleniumLibrary">
<arg>${DataDrivenTryNow}</arg>
<doc>Click the element identified by ``locator``.</doc>
<msg timestamp="20231019 19:28:26.310" level="INFO">Clicking element 'xpath = (//*[@class='tw-hidden tw-items-center tw-text-gold md:tw-flex'])[2]'.</msg>
<status status="PASS" starttime="20231019 19:28:26.310" endtime="20231019 19:28:30.412"/>
</kw>
<kw name="Sleep" library="BuiltIn">
<arg>3s</arg>
<doc>Pauses the test executed for the given time.</doc>
<msg timestamp="20231019 19:28:33.414" level="INFO">Slept 3 seconds</msg>
<status status="PASS" starttime="20231019 19:28:30.413" endtime="20231019 19:28:33.414"/>
</kw>
<status status="PASS" starttime="20231019 19:28:26.310" endtime="20231019 19:28:33.415"/>
</kw>
<kw name="Then The User should be redirected to the Data-Driven Decisions page" library="Keywords">
<kw name="Get Title" library="SeleniumLibrary">
<var>${DDDTitle}</var>
<doc>Returns the title of the current page.</doc>
<msg timestamp="20231019 19:28:33.490" level="INFO">${DDDTitle} = BTC to INR | Buy BTC in India at best price at ₹24,69,761 | CoinSwitch</msg>
<status status="PASS" starttime="20231019 19:28:33.446" endtime="20231019 19:28:33.490"/>
</kw>
<kw name="Log To Console" library="BuiltIn">
<arg>${DDDTitle}</arg>
<doc>Logs the given message to the console.</doc>
<status status="PASS" starttime="20231019 19:28:33.490" endtime="20231019 19:28:33.490"/>
</kw>
<status status="PASS" starttime="20231019 19:28:33.424" endtime="20231019 19:28:33.490"/>
</kw>
<status status="PASS" starttime="20231019 19:28:25.176" endtime="20231019 19:28:33.507"/>
</test>
<test id="s1-s1-s1-t15" name="TC_15: Verify the &quot;Rate&quot; icon in the home page" line="104">
<kw name="Given &quot;Rate&quot; The User is on the homepage" library="Keywords">
<kw name="Go To" library="SeleniumLibrary">
<arg>${URL}</arg>
<doc>Navigates the current browser window to the provided ``url``.</doc>
<msg timestamp="20231019 19:28:33.532" level="INFO">Opening url 'https://coinswitch.co/pro/'</msg>
<status status="PASS" starttime="20231019 19:28:33.531" endtime="20231019 19:28:34.606"/>
</kw>
<kw name="Sleep" library="BuiltIn">
<arg>3s</arg>
<doc>Pauses the test executed for the given time.</doc>
<msg timestamp="20231019 19:28:37.607" level="INFO">Slept 3 seconds</msg>
<status status="PASS" starttime="20231019 19:28:34.606" endtime="20231019 19:28:37.607"/>
</kw>
<status status="PASS" starttime="20231019 19:28:33.513" endtime="20231019 19:28:37.607"/>
</kw>
<kw name="When The User clicks on the &quot;Rate&quot; Icon" library="Keywords">
<kw name="Click Button" library="SeleniumLibrary">
<arg>${RateIcon}</arg>
<doc>Clicks the button identified by ``locator``.</doc>
<msg timestamp="20231019 19:28:37.638" level="INFO">Clicking button 'xpath = //*[@class='_hj-g7b-Z__MinimizedWidgetBottom__open _hj--qUEH__MinimizedWidgetBottom__right']'.</msg>
<status status="PASS" starttime="20231019 19:28:37.638" endtime="20231019 19:28:37.778"/>
</kw>
<status status="PASS" starttime="20231019 19:28:37.623" endtime="20231019 19:28:37.778"/>
</kw>
<kw name="And The User clicks on the &quot;Like&quot; option" library="Keywords">
<kw name="Click Button" library="SeleniumLibrary">
<arg>${Like}</arg>
<doc>Clicks the button identified by ``locator``.</doc>
<msg timestamp="20231019 19:28:37.811" level="INFO">Clicking button 'xpath = (//*[@class='_hj-zyNAL__EmotionOption__EmotionOption _hj-exLiv__EmotionOption__fadeIn'])[4]'.</msg>
<status status="PASS" starttime="20231019 19:28:37.810" endtime="20231019 19:28:37.940"/>
</kw>
<status status="PASS" starttime="20231019 19:28:37.795" endtime="20231019 19:28:37.940"/>
</kw>
<kw name="And The User enters text data on the &quot;Tell Us Your Experience&quot; textfield" library="Keywords">
<kw name="Input Text" library="SeleniumLibrary">
<arg>${Feedback}</arg>
<arg>Good</arg>
<doc>Types the given ``text`` into the text field identified by ``locator``.</doc>
<msg timestamp="20231019 19:28:37.954" level="INFO">Typing text 'Good' into text field 'xpath = //*[@class='_hj-aMKgg__EmotionComment__textArea _hj-EZqbk__styles__inputField']'.</msg>
<status status="PASS" starttime="20231019 19:28:37.954" endtime="20231019 19:28:38.094"/>
</kw>
<status status="PASS" starttime="20231019 19:28:37.952" endtime="20231019 19:28:38.094"/>
</kw>
<kw name="And The User clicks on send button" library="Keywords">
<kw name="Click Button" library="SeleniumLibrary">
<arg>${Send}</arg>
<doc>Clicks the button identified by ``locator``.</doc>
<msg timestamp="20231019 19:28:38.107" level="INFO">Clicking button 'xpath = //*[@class='_hj-SU8LU__styles__primaryButton']'.</msg>
<status status="PASS" starttime="20231019 19:28:38.107" endtime="20231019 19:28:38.232"/>
</kw>
<status status="PASS" starttime="20231019 19:28:38.098" endtime="20231019 19:28:38.232"/>
</kw>
<kw name="And The User clicks on skip button" library="Keywords">
<kw name="Click Button" library="SeleniumLibrary">
<arg>${Skip}</arg>
<doc>Clicks the button identified by ``locator``.</doc>
<msg timestamp="20231019 19:28:38.246" level="INFO">Clicking button 'xpath = //*[@class='_hj-F457+__styles__clearButton _hj-rWd-f__EmailStep__clearButton']'.</msg>
<status status="PASS" starttime="20231019 19:28:38.246" endtime="20231019 19:28:38.344"/>
</kw>
<status status="PASS" starttime="20231019 19:28:38.240" endtime="20231019 19:28:38.344"/>
</kw>
<kw name="Then The User should be able to see 'Thanks for Sharing Your Feedback with Us' message" library="Keywords">
<kw name="Get Text" library="SeleniumLibrary">
<var>${ThanksText}</var>
<arg>${Thanks}</arg>
<doc>Returns the text value of the element identified by ``locator``.</doc>
<msg timestamp="20231019 19:28:38.414" level="INFO">${ThanksText} = Thank you for sharing your feedback with us!</msg>
<status status="PASS" starttime="20231019 19:28:38.361" endtime="20231019 19:28:38.414"/>
</kw>
<kw name="Element Text Should Be" library="SeleniumLibrary">
<arg>${Thanks}</arg>
<arg>Thank you for sharing your feedback with us!</arg>
<doc>Verifies that element ``locator`` contains exact the text ``expected``.</doc>
<msg timestamp="20231019 19:28:38.416" level="INFO">Verifying element 'xpath = //*[@class='_hj-PFeiP__MinimizedWidgetMessage__messageText']' contains exact text 'Thank you for sharing your feedback with us!'.</msg>
<status status="PASS" starttime="20231019 19:28:38.414" endtime="20231019 19:28:38.438"/>
</kw>
<kw name="Log To Console" library="BuiltIn">
<arg>"Thank you for sharing your feedback with us!" message has been displayed</arg>
<doc>Logs the given message to the console.</doc>
<status status="PASS" starttime="20231019 19:28:38.438" endtime="20231019 19:28:38.438"/>
</kw>
<status status="PASS" starttime="20231019 19:28:38.357" endtime="20231019 19:28:38.438"/>
</kw>
<status status="PASS" starttime="20231019 19:28:33.510" endtime="20231019 19:28:38.438"/>
</test>
<kw name="Close browser" library="Keywords" type="TEARDOWN">
<kw name="Close Window" library="SeleniumLibrary">
<doc>Closes currently opened and selected browser window/tab.</doc>
<status status="PASS" starttime="20231019 19:28:38.438" endtime="20231019 19:28:38.638"/>
</kw>
<status status="PASS" starttime="20231019 19:28:38.438" endtime="20231019 19:28:38.638"/>
</kw>
<status status="PASS" starttime="20231019 19:26:46.187" endtime="20231019 19:28:38.638"/>
</suite>
<status status="PASS" starttime="20231019 19:26:46.170" endtime="20231019 19:28:38.654"/>
</suite>
<status status="PASS" starttime="20231019 19:26:46.120" endtime="20231019 19:28:38.670"/>
</suite>
<statistics>
<total>
<stat pass="15" fail="0" skip="0">All Tests</stat>
</total>
<tag>
</tag>
<suite>
<stat pass="15" fail="0" skip="0" id="s1" name="RFCoinswitchPOM">RFCoinswitchPOM</stat>
<stat pass="15" fail="0" skip="0" id="s1-s1" name="Testcases">RFCoinswitchPOM.Testcases</stat>
<stat pass="15" fail="0" skip="0" id="s1-s1-s1" name="Testcases">RFCoinswitchPOM.Testcases.Testcases</stat>
</suite>
</statistics>
<errors>
</errors>
</robot>
